<?xml version="1.0" encoding="UTF-8"?>
<testsuite xmlns:xsi="http://www.w3.org/2001/XMLSchema-instance" xsi:noNamespaceSchemaLocation="https://maven.apache.org/surefire/maven-surefire-plugin/xsd/surefire-test-report-3.0.xsd" version="3.0" name="org.example.JsonAWSVerifierTest" time="0.17" tests="20" errors="0" skipped="0" failures="0">
  <properties>
    <property name="java.specification.version" value="17"/>
    <property name="sun.cpu.isalist" value="amd64"/>
    <property name="sun.jnu.encoding" value="Cp1250"/>
    <property name="java.class.path" value="C:\Users\user\Desktop\java\JsonValidatorRemitlyTask\target\test-classes;C:\Users\user\Desktop\java\JsonValidatorRemitlyTask\target\classes;C:\Users\user\.m2\repository\com\googlecode\json-simple\json-simple\1.1\json-simple-1.1.jar;C:\Users\user\.m2\repository\org\junit\jupiter\junit-jupiter\5.10.2\junit-jupiter-5.10.2.jar;C:\Users\user\.m2\repository\org\junit\jupiter\junit-jupiter-api\5.10.2\junit-jupiter-api-5.10.2.jar;C:\Users\user\.m2\repository\org\opentest4j\opentest4j\1.3.0\opentest4j-1.3.0.jar;C:\Users\user\.m2\repository\org\junit\platform\junit-platform-commons\1.10.2\junit-platform-commons-1.10.2.jar;C:\Users\user\.m2\repository\org\apiguardian\apiguardian-api\1.1.2\apiguardian-api-1.1.2.jar;C:\Users\user\.m2\repository\org\junit\jupiter\junit-jupiter-params\5.10.2\junit-jupiter-params-5.10.2.jar;C:\Users\user\.m2\repository\org\junit\jupiter\junit-jupiter-engine\5.10.2\junit-jupiter-engine-5.10.2.jar;C:\Users\user\.m2\repository\org\junit\platform\junit-platform-engine\1.10.2\junit-platform-engine-1.10.2.jar;C:\Users\user\.m2\repository\org\json\json\20240303\json-20240303.jar;"/>
    <property name="java.vm.vendor" value="Oracle Corporation"/>
    <property name="sun.arch.data.model" value="64"/>
    <property name="user.variant" value=""/>
    <property name="java.vendor.url" value="https://java.oracle.com/"/>
    <property name="user.timezone" value="Europe/Warsaw"/>
    <property name="os.name" value="Windows 10"/>
    <property name="java.vm.specification.version" value="17"/>
    <property name="sun.java.launcher" value="SUN_STANDARD"/>
    <property name="user.country" value="PL"/>
    <property name="sun.boot.library.path" value="C:\Program Files\Java\jdk-17\bin"/>
    <property name="sun.java.command" value="C:\Users\user\AppData\Local\Temp\surefire7128223151724596325\surefirebooter-20240422104613476_3.jar C:\Users\user\AppData\Local\Temp\surefire7128223151724596325 2024-04-22T10-46-13_184-jvmRun1 surefire-20240422104613476_1tmp surefire_0-20240422104613476_2tmp"/>
    <property name="jdk.debug" value="release"/>
    <property name="surefire.test.class.path" value="C:\Users\user\Desktop\java\JsonValidatorRemitlyTask\target\test-classes;C:\Users\user\Desktop\java\JsonValidatorRemitlyTask\target\classes;C:\Users\user\.m2\repository\com\googlecode\json-simple\json-simple\1.1\json-simple-1.1.jar;C:\Users\user\.m2\repository\org\junit\jupiter\junit-jupiter\5.10.2\junit-jupiter-5.10.2.jar;C:\Users\user\.m2\repository\org\junit\jupiter\junit-jupiter-api\5.10.2\junit-jupiter-api-5.10.2.jar;C:\Users\user\.m2\repository\org\opentest4j\opentest4j\1.3.0\opentest4j-1.3.0.jar;C:\Users\user\.m2\repository\org\junit\platform\junit-platform-commons\1.10.2\junit-platform-commons-1.10.2.jar;C:\Users\user\.m2\repository\org\apiguardian\apiguardian-api\1.1.2\apiguardian-api-1.1.2.jar;C:\Users\user\.m2\repository\org\junit\jupiter\junit-jupiter-params\5.10.2\junit-jupiter-params-5.10.2.jar;C:\Users\user\.m2\repository\org\junit\jupiter\junit-jupiter-engine\5.10.2\junit-jupiter-engine-5.10.2.jar;C:\Users\user\.m2\repository\org\junit\platform\junit-platform-engine\1.10.2\junit-platform-engine-1.10.2.jar;C:\Users\user\.m2\repository\org\json\json\20240303\json-20240303.jar;"/>
    <property name="sun.cpu.endian" value="little"/>
    <property name="user.home" value="C:\Users\user"/>
    <property name="user.language" value="pl"/>
    <property name="java.specification.vendor" value="Oracle Corporation"/>
    <property name="java.version.date" value="2023-07-18"/>
    <property name="java.home" value="C:\Program Files\Java\jdk-17"/>
    <property name="file.separator" value="\"/>
    <property name="basedir" value="C:\Users\user\Desktop\java\JsonValidatorRemitlyTask"/>
    <property name="java.vm.compressedOopsMode" value="32-bit"/>
    <property name="line.separator" value="&#10;"/>
    <property name="java.vm.specification.vendor" value="Oracle Corporation"/>
    <property name="java.specification.name" value="Java Platform API Specification"/>
    <property name="surefire.real.class.path" value="C:\Users\user\AppData\Local\Temp\surefire7128223151724596325\surefirebooter-20240422104613476_3.jar"/>
    <property name="user.script" value=""/>
    <property name="sun.management.compiler" value="HotSpot 64-Bit Tiered Compilers"/>
    <property name="java.runtime.version" value="17.0.8+9-LTS-211"/>
    <property name="user.name" value="user"/>
    <property name="path.separator" value=";"/>
    <property name="os.version" value="10.0"/>
    <property name="java.runtime.name" value="Java(TM) SE Runtime Environment"/>
    <property name="file.encoding" value="Cp1250"/>
    <property name="java.vm.name" value="Java HotSpot(TM) 64-Bit Server VM"/>
    <property name="localRepository" value="C:\Users\user\.m2\repository"/>
    <property name="java.vendor.url.bug" value="https://bugreport.java.com/bugreport/"/>
    <property name="java.io.tmpdir" value="C:\Users\user\AppData\Local\Temp\"/>
    <property name="java.version" value="17.0.8"/>
    <property name="user.dir" value="C:\Users\user\Desktop\java\JsonValidatorRemitlyTask"/>
    <property name="os.arch" value="amd64"/>
    <property name="java.vm.specification.name" value="Java Virtual Machine Specification"/>
    <property name="sun.os.patch.level" value=""/>
    <property name="native.encoding" value="Cp1250"/>
    <property name="java.library.path" value="C:\Program Files\Java\jdk-17\bin;C:\Windows\Sun\Java\bin;C:\Windows\system32;C:\Windows;C:\Program Files\apache-maven-3.9.6\bin;C:\Windows\system32;C:\Windows;C:\Windows\System32\Wbem;C:\Windows\System32\WindowsPowerShell\v1.0\;C:\Windows\System32\OpenSSH\;C:\Program Files\Microsoft VS Code\bin;C:\Program Files\PuTTY\;C:\msys64\mingw64\bin;C:\Program Files (x86)\Microsoft SQL Server\110\Tools\Binn\;C:\Program Files\Microsoft SQL Server\110\Tools\Binn\;C:\Program Files\Microsoft SQL Server\110\DTS\Binn\;C:\Program Files (x86)\Microsoft SQL Server\110\Tools\Binn\ManagementStudio\;C:\Program Files (x86)\Microsoft Visual Studio 10.0\Common7\IDE\PrivateAssemblies\;C:\Program Files (x86)\Microsoft SQL Server\110\DTS\Binn\;C:\mingw64;C:\mingw64\bin;C:\Program Files\Kathara;C:\Program Files\dotnet\;C:\Program Files (x86)\Git\cmd;C:\Program Files\Microsoft SQL Server\150\Tools\Binn\;C:\Program Files\Microsoft SQL Server\Client SDK\ODBC\170\Tools\Binn\;C:\Program Files\Java\jdk-17\bin;C:\Program Files\nodejs\;C:\Program Files\nodejs\;%AppData%\npm;;C:\Program Files\Docker\Docker\resources\bin;C:\Users\user\AppData\Local\Microsoft\WindowsApps;C:\msys64\mingw64\bin;C:\Users\user\.dotnet\tools;C:\Users\user\AppData\Local\GitHubDesktop\bin;C:\Users\user\AppData\Roaming\npm;."/>
    <property name="java.vm.info" value="mixed mode, sharing"/>
    <property name="java.vendor" value="Oracle Corporation"/>
    <property name="java.vm.version" value="17.0.8+9-LTS-211"/>
    <property name="sun.io.unicode.encoding" value="UnicodeLittle"/>
    <property name="java.class.version" value="61.0"/>
  </properties>
  <testcase name="jsonWithoutPolicyName" classname="org.example.JsonAWSVerifierTest" time="0.06"/>
  <testcase name="jsonWithMoreStatementsWithResourceAsStringWithAsteriskAndResourceWithEmptyList" classname="org.example.JsonAWSVerifierTest" time="0.004"/>
  <testcase name="emptyJson" classname="org.example.JsonAWSVerifierTest" time="0.002">
    <system-out><![CDATA[Error reading JSON file: null
]]></system-out>
  </testcase>
  <testcase name="jsonWithMoreThanPolicyDocumentValuesLikeVersionAndStatement" classname="org.example.JsonAWSVerifierTest" time="0.005"/>
  <testcase name="jsonWithoutVersion" classname="org.example.JsonAWSVerifierTest" time="0.003"/>
  <testcase name="jsonWithoutEffect" classname="org.example.JsonAWSVerifierTest" time="0.002"/>
  <testcase name="jsonWithMoreStatementsWithOneWithEmpyAction" classname="org.example.JsonAWSVerifierTest" time="0.002"/>
  <testcase name="jsonWithMoreStatementsWithResourceAsListWithAsterisk" classname="org.example.JsonAWSVerifierTest" time="0.002"/>
  <testcase name="jsonWithArrayOfPolicyName" classname="org.example.JsonAWSVerifierTest" time="0.003"/>
  <testcase name="jsonWithoutResource" classname="org.example.JsonAWSVerifierTest" time="0.002"/>
  <testcase name="bigTestWithOneAsterisk" classname="org.example.JsonAWSVerifierTest" time="0.002"/>
  <testcase name="jsonWithResourceLikeNumber" classname="org.example.JsonAWSVerifierTest" time="0.002"/>
  <testcase name="jsonWithMoreStatementsWithOneWithSidAsObject" classname="org.example.JsonAWSVerifierTest" time="0.001"/>
  <testcase name="jsonWithVersionAsNumber" classname="org.example.JsonAWSVerifierTest" time="0.002"/>
  <testcase name="jsonWithNotAllowedVersion" classname="org.example.JsonAWSVerifierTest" time="0.002"/>
  <testcase name="jsonWithMoreStatementsWithUnknownParameterStatement" classname="org.example.JsonAWSVerifierTest" time="0.003"/>
  <testcase name="jsonWithNotOnlyPolicyNameAndPolicyDocument" classname="org.example.JsonAWSVerifierTest" time="0.001"/>
  <testcase name="jsonWithVersionAsArray" classname="org.example.JsonAWSVerifierTest" time="0.002"/>
  <testcase name="jsonWithMoreStatementsWithResourceWithTwoAsterisks" classname="org.example.JsonAWSVerifierTest" time="0.001"/>
  <testcase name="jsonWithStatementEmpty" classname="org.example.JsonAWSVerifierTest" time="0.002"/>
</testsuite>